<?xml version="1.0" encoding="UTF-8"?>
<!-- Generated by org.testng.reporters.JUnitReportReporter -->
<testsuite hostname="TechCirle2sMini" failures="0" tests="1" name="FiftyOneTestCases.myAccountRegistrationTestCases" time="6.402" errors="0" timestamp="2024-06-10T21:45:11 EDT" skipped="0">
  <testcase classname="FiftyOneTestCases.myAccountRegistrationTestCases" name="RegistrationSignIn" time="6.402"/>
  <system-out/>
</testsuite> <!-- FiftyOneTestCases.myAccountRegistrationTestCases -->
