<?xml version="1.0" encoding="UTF-8"?>
<!-- Generated by org.testng.reporters.JUnitReportReporter -->
<testsuite hostname="TechCirle2sMini" failures="0" tests="3" name="TestCases.TestCasesForProject" time="12.511" errors="0" timestamp="2024-06-06T20:30:06 EDT" skipped="0">
  <testcase classname="TestCases.TestCasesForProject" name="verifyUserCanBeAdded" time="3.705"/>
  <system-out/>
  <testcase classname="TestCases.TestCasesForProject" name="verifyUserIsActive" time="3.635"/>
  <system-out/>
  <testcase classname="TestCases.TestCasesForProject" name="verifyUserIsDisabled" time="5.171"/>
  <system-out/>
</testsuite> <!-- TestCases.TestCasesForProject -->
