<?xml version="1.0" encoding="UTF-8"?>
<!-- Generated by org.testng.reporters.JUnitReportReporter -->
<testsuite hostname="TechCirle2sMini" failures="0" tests="1" name="FiftyOneTestCases.homePageTestCases" time="14.220" errors="0" timestamp="2024-06-10T20:28:55 EDT" skipped="0">
  <testcase classname="FiftyOneTestCases.homePageTestCases" name="homePageImagesInArrivalsShouldNavigate" time="14.220"/>
  <system-out/>
</testsuite> <!-- FiftyOneTestCases.homePageTestCases -->
