<?xml version="1.0" encoding="UTF-8"?>
<!-- Generated by org.testng.reporters.JUnitReportReporter -->
<testsuite hostname="TechCirle2sMini" failures="0" tests="3" name="FiftyOneTestCases.homePageTestCases" time="31.024" errors="0" timestamp="2024-06-11T21:34:09 EDT" skipped="0">
  <testcase classname="FiftyOneTestCases.homePageTestCases" name="homePageImagesInArrivalsShouldNavigate" time="11.975"/>
  <system-out/>
  <testcase classname="FiftyOneTestCases.homePageTestCases" name="homePageWithThreeSlidersOnly" time="9.216"/>
  <system-out/>
  <testcase classname="FiftyOneTestCases.homePageTestCases" name="homePageWithThreeArrivalsOnly" time="9.833"/>
  <system-out/>
</testsuite> <!-- FiftyOneTestCases.homePageTestCases -->
