<?xml version="1.0" encoding="UTF-8"?>
<!-- Generated by org.testng.reporters.JUnitReportReporter -->
<testsuite hostname="Shafkats-MBP" failures="0" tests="2" name="LearningTestNG.GroupTestCases" time="0.008" errors="0" timestamp="2024-06-03T21:34:09 EDT" skipped="0">
  <testcase classname="LearningTestNG.GroupTestCases" name="testPrintMessage" time="0.007"/>
  <system-out/>
  <testcase classname="LearningTestNG.GroupTestCases" name="testingExitMessage" time="0.001"/>
  <system-out/>
</testsuite> <!-- LearningTestNG.GroupTestCases -->
