<?xml version="1.0" encoding="UTF-8"?>
<!-- Generated by org.testng.reporters.JUnitReportReporter -->
<testsuite hostname="Shafkats-MBP" failures="0" tests="3" name="LearningTestNG.testing_Annotations" time="0.004" errors="0" timestamp="2024-06-03T21:08:53 EDT" skipped="0">
  <testcase classname="LearningTestNG.testing_Annotations" name="Test1" time="0.001"/>
  <system-out/>
  <testcase classname="LearningTestNG.testing_Annotations" name="Test3" time="0.002"/>
  <system-out/>
  <testcase classname="LearningTestNG.testing_Annotations" name="Test2" time="0.001"/>
  <system-out/>
</testsuite> <!-- LearningTestNG.testing_Annotations -->
