<?xml version="1.0" encoding="UTF-8"?>
<!-- Generated by org.testng.reporters.JUnitReportReporter -->
<testsuite hostname="TechCirle2sMini" failures="0" tests="1" name="FiftyOneTestCases.shopTestCases" time="10.155" errors="0" timestamp="2024-06-11T21:34:09 EDT" skipped="0">
  <testcase classname="FiftyOneTestCases.shopTestCases" name="ShopFilterByPriceFunctionality" time="10.155"/>
  <system-out/>
</testsuite> <!-- FiftyOneTestCases.shopTestCases -->
