<?xml version="1.0" encoding="UTF-8"?>
<!-- Generated by org.testng.reporters.JUnitReportReporter -->
<testsuite hostname="TechCirle2sMini" failures="0" tests="1" name="TestCases.ExcelRead" time="2.726" errors="0" timestamp="2024-06-12T21:28:09 EDT" skipped="0">
  <testcase classname="TestCases.ExcelRead" name="readingExcelTest" time="2.726"/>
  <system-out/>
</testsuite> <!-- TestCases.ExcelRead -->
