<?xml version="1.0" encoding="UTF-8"?>
<!-- Generated by org.testng.reporters.JUnitReportReporter -->
<testsuite hostname="TechCirle2sMini" failures="0" tests="1" name="TestCases.basicTesting" time="6.305" errors="0" timestamp="2024-05-30T20:08:06 EDT" skipped="0">
  <testcase classname="TestCases.basicTesting" name="test1" time="6.305"/>
  <system-out/>
</testsuite> <!-- TestCases.basicTesting -->
