<?xml version="1.0" encoding="UTF-8"?>
<!-- Generated by org.testng.reporters.JUnitReportReporter -->
<testsuite hostname="TechCirle2sMini" failures="0" tests="10" name="LearningTestNG.dataProviderTesting" time="0.037" errors="0" timestamp="2024-06-04T20:01:36 EDT" skipped="0">
  <testcase classname="LearningTestNG.dataProviderTesting" name="FirstNames" time="0.001"/>
  <system-out/>
  <testcase classname="LearningTestNG.dataProviderTesting" name="myBio" time="0.003"/>
  <system-out/>
  <testcase classname="LearningTestNG.dataProviderTesting" name="FirstNames" time="0.005"/>
  <system-out/>
  <testcase classname="LearningTestNG.dataProviderTesting" name="FirstNames" time="0.010"/>
  <system-out/>
  <testcase classname="LearningTestNG.dataProviderTesting" name="myBio" time="0.004"/>
  <system-out/>
  <testcase classname="LearningTestNG.dataProviderTesting" name="myBio" time="0.003"/>
  <system-out/>
  <testcase classname="LearningTestNG.dataProviderTesting" name="FirstNames" time="0.001"/>
  <system-out/>
  <testcase classname="LearningTestNG.dataProviderTesting" name="FirstNames" time="0.002"/>
  <system-out/>
  <testcase classname="LearningTestNG.dataProviderTesting" name="myBio" time="0.002"/>
  <system-out/>
  <testcase classname="LearningTestNG.dataProviderTesting" name="myBio" time="0.006"/>
  <system-out/>
</testsuite> <!-- LearningTestNG.dataProviderTesting -->
