<?xml version="1.0" encoding="UTF-8"?>
<!-- Generated by org.testng.reporters.JUnitReportReporter -->
<testsuite hostname="TechCirle2sMini" failures="0" tests="3" name="FiftyOneTestCases.homePageTestCases" time="29.484" errors="0" timestamp="2024-06-19T20:11:15 EDT" skipped="0">
  <testcase classname="FiftyOneTestCases.homePageTestCases" name="homePageImagesInArrivalsShouldNavigate" time="11.690"/>
  <system-out/>
  <testcase classname="FiftyOneTestCases.homePageTestCases" name="homePageWithThreeArrivalsOnly" time="8.897"/>
  <system-out/>
  <testcase classname="FiftyOneTestCases.homePageTestCases" name="homePageWithThreeSlidersOnly" time="8.897"/>
  <system-out/>
</testsuite> <!-- FiftyOneTestCases.homePageTestCases -->
