<?xml version="1.0" encoding="UTF-8"?>
<!-- Generated by org.testng.reporters.JUnitReportReporter -->
<testsuite hostname="Shafkats-MBP" failures="0" tests="10" name="LearningTestNG.dataProviderTesting" time="0.050" errors="0" timestamp="2024-06-04T19:51:43 EDT" skipped="0">
  <testcase classname="LearningTestNG.dataProviderTesting" name="FirstNames" time="0.006"/>
  <system-out/>
  <testcase classname="LearningTestNG.dataProviderTesting" name="FirstNames" time="0.002"/>
  <system-out/>
  <testcase classname="LearningTestNG.dataProviderTesting" name="myBio" time="0.023"/>
  <system-out/>
  <testcase classname="LearningTestNG.dataProviderTesting" name="myBio" time="0.001"/>
  <system-out/>
  <testcase classname="LearningTestNG.dataProviderTesting" name="FirstNames" time="0.008"/>
  <system-out/>
  <testcase classname="LearningTestNG.dataProviderTesting" name="myBio" time="0.002"/>
  <system-out/>
  <testcase classname="LearningTestNG.dataProviderTesting" name="FirstNames" time="0.002"/>
  <system-out/>
  <testcase classname="LearningTestNG.dataProviderTesting" name="myBio" time="0.001"/>
  <system-out/>
  <testcase classname="LearningTestNG.dataProviderTesting" name="FirstNames" time="0.002"/>
  <system-out/>
  <testcase classname="LearningTestNG.dataProviderTesting" name="myBio" time="0.003"/>
  <system-out/>
</testsuite> <!-- LearningTestNG.dataProviderTesting -->
