<?xml version="1.0" encoding="UTF-8"?>
<!-- Generated by org.testng.reporters.JUnitReportReporter -->
<testsuite hostname="Shafkats-MBP" failures="0" tests="2" name="LearningTestNG.ParameterizedTest" time="0.011" errors="0" timestamp="2024-06-03T21:48:52 EDT" skipped="0">
  <testcase classname="LearningTestNG.ParameterizedTest" name="login" time="0.009"/>
  <system-out/>
  <testcase classname="LearningTestNG.ParameterizedTest" name="loginAdmin" time="0.002"/>
  <system-out/>
</testsuite> <!-- LearningTestNG.ParameterizedTest -->
