<?xml version="1.0" encoding="UTF-8"?>
<!-- Generated by org.testng.reporters.JUnitReportReporter -->
<testsuite hostname="Shafkats-MBP" failures="0" tests="1" name="TestCases.basicTesting" time="2.919" errors="0" timestamp="2024-06-03T19:22:53 EDT" skipped="0">
  <testcase classname="TestCases.basicTesting" name="test1" time="2.919"/>
  <system-out/>
</testsuite> <!-- TestCases.basicTesting -->
