<?xml version="1.0" encoding="UTF-8"?>
<!-- Generated by org.testng.reporters.JUnitReportReporter -->
<testsuite hostname="TechCirle2sMini" failures="0" tests="2" name="FiftyOneTestCases.myAccountLoginTestCases" time="19.009" errors="0" timestamp="2024-06-10T21:45:11 EDT" skipped="0">
  <testcase classname="FiftyOneTestCases.myAccountLoginTestCases" name="logInWithIncorrectUsernameIncorrectPassword" time="9.580"/>
  <system-out/>
  <testcase classname="FiftyOneTestCases.myAccountLoginTestCases" name="LogInWithWalidUsernameAndPassword" time="9.429"/>
  <system-out/>
</testsuite> <!-- FiftyOneTestCases.myAccountLoginTestCases -->
