<?xml version="1.0" encoding="UTF-8"?>
<!-- Generated by org.testng.reporters.JUnitReportReporter -->
<testsuite hostname="TechCirle2sMini" failures="0" tests="1" name="FiftyOneTestCases.myAccountTestCases" time="10.256" errors="0" timestamp="2024-06-19T20:11:15 EDT" skipped="0">
  <testcase classname="FiftyOneTestCases.myAccountTestCases" name="MyAccountsDashboard" time="10.256"/>
  <system-out/>
</testsuite> <!-- FiftyOneTestCases.myAccountTestCases -->
