<?xml version="1.0" encoding="UTF-8"?>
<!-- Generated by org.testng.reporters.JUnitReportReporter -->
<testsuite hostname="TechCirle2sMini" failures="0" tests="3" name="FiftyOneTestCases.homePageTestCases" time="30.559" errors="0" timestamp="2024-06-10T21:45:11 EDT" skipped="0">
  <testcase classname="FiftyOneTestCases.homePageTestCases" name="homePageImagesInArrivalsShouldNavigate" time="12.144"/>
  <system-out/>
  <testcase classname="FiftyOneTestCases.homePageTestCases" name="homePageWithThreeArrivalsOnly" time="9.146"/>
  <system-out/>
  <testcase classname="FiftyOneTestCases.homePageTestCases" name="homePageWithThreeSlidersOnly" time="9.269"/>
  <system-out/>
</testsuite> <!-- FiftyOneTestCases.homePageTestCases -->
