<?xml version="1.0" encoding="UTF-8"?>
<!-- Generated by org.testng.reporters.JUnitReportReporter -->
<testsuite hostname="TechCirle2sMini" failures="0" tests="1" name="TestCases.TestCasesForProject" time="8.038" errors="0" timestamp="2024-06-06T22:10:19 EDT" skipped="0">
  <testcase classname="TestCases.TestCasesForProject" name="verifyUserIsActive" time="8.038"/>
  <system-out/>
</testsuite> <!-- TestCases.TestCasesForProject -->
