<?xml version="1.0" encoding="UTF-8"?>
<!-- Generated by org.testng.reporters.JUnitReportReporter -->
<testsuite hostname="TechCirle2sMini" failures="0" tests="1" name="TestCases.ExcelWrite" time="3.755" errors="0" timestamp="2024-06-12T21:53:09 EDT" skipped="0">
  <testcase classname="TestCases.ExcelWrite" name="writingIntoExcel" time="3.755"/>
  <system-out/>
</testsuite> <!-- TestCases.ExcelWrite -->
