<?xml version="1.0" encoding="UTF-8"?>
<!-- Generated by org.testng.reporters.JUnitReportReporter -->
<testsuite hostname="Shafkats-MBP" failures="0" tests="3" name="LearningTestNG.DependencyTestUsingAnnotation" time="0.008" errors="0" timestamp="2024-06-03T21:08:53 EDT" skipped="0">
  <testcase classname="LearningTestNG.DependencyTestUsingAnnotation" name="initialEnvironment" time="0.005"/>
  <system-out/>
  <testcase classname="LearningTestNG.DependencyTestUsingAnnotation" name="testPrintMessage" time="0.002"/>
  <system-out/>
  <testcase classname="LearningTestNG.DependencyTestUsingAnnotation" name="testSaluteCohort18" time="0.001"/>
  <system-out/>
</testsuite> <!-- LearningTestNG.DependencyTestUsingAnnotation -->
