<?xml version="1.0" encoding="UTF-8"?>
<!-- Generated by org.testng.reporters.JUnitReportReporter -->
<testsuite hostname="Shafkats-MBP" failures="0" tests="2" name="LearningTestNG.ignoringTests" time="0.003" errors="0" timestamp="2024-06-03T21:08:53 EDT" skipped="0">
  <testcase classname="LearningTestNG.ignoringTests" name="test1" time="0.001"/>
  <system-out/>
  <testcase classname="LearningTestNG.ignoringTests" name="test2" time="0.002"/>
  <system-out/>
</testsuite> <!-- LearningTestNG.ignoringTests -->
